Running Gradle task 'assembleDebug'...                          

FAILURE: Build failed with an exception.

* Where:
Settings file 'C:\Users\mapdr\OneDrive\바탕 화면\fansupport-main\mobile\android\settings.gradle.kts' line: 19

* What went wrong:
Error resolving plugin [id: 'dev.flutter.flutter-plugin-loader', version: '1.0.0']
> Included build 'C:\Users\mapdr\OneDrive\ë°í íë©´\flutter\packages\flutter_tools\gradle' does not exist.

* Try:
> Run with --stacktrace option to get the stack trace.
> Run with --info or --debug option to get more log output.
> Run with --scan to get full insights.
> Get more help at https://help.gradle.org.

BUILD FAILED in 901ms
Running Gradle task 'assembleDebug'...                           1,132ms
Gradle task assembleDebug failed with exit code 1
